Generated at 2014-08-13 20:46:14 -0600
NoMethodError: undefined method `[]' for nil:NilClass
/Users/cjpoll/rbdc_devstation/berks-cookbooks/vim_chef/recipes/source.rb:10:in `from_file'
/Users/cjpoll/.rvm/gems/ruby-2.0.0-p481/gems/chef-11.14.2/lib/chef/mixin/from_file.rb:30:in `instance_eval'
/Users/cjpoll/.rvm/gems/ruby-2.0.0-p481/gems/chef-11.14.2/lib/chef/mixin/from_file.rb:30:in `from_file'
/Users/cjpoll/.rvm/gems/ruby-2.0.0-p481/gems/chef-11.14.2/lib/chef/cookbook_version.rb:234:in `load_recipe'
/Users/cjpoll/.rvm/gems/ruby-2.0.0-p481/gems/chef-11.14.2/lib/chef/run_context.rb:166:in `load_recipe'
/Users/cjpoll/.rvm/gems/ruby-2.0.0-p481/gems/chef-11.14.2/lib/chef/run_context/cookbook_compiler.rb:140:in `block in compile_recipes'
/Users/cjpoll/.rvm/gems/ruby-2.0.0-p481/gems/chef-11.14.2/lib/chef/run_context/cookbook_compiler.rb:138:in `each'
/Users/cjpoll/.rvm/gems/ruby-2.0.0-p481/gems/chef-11.14.2/lib/chef/run_context/cookbook_compiler.rb:138:in `compile_recipes'
/Users/cjpoll/.rvm/gems/ruby-2.0.0-p481/gems/chef-11.14.2/lib/chef/run_context/cookbook_compiler.rb:75:in `compile'
/Users/cjpoll/.rvm/gems/ruby-2.0.0-p481/gems/chef-11.14.2/lib/chef/run_context.rb:89:in `load'
/Users/cjpoll/.rvm/gems/ruby-2.0.0-p481/gems/chef-11.14.2/lib/chef/policy_builder/expand_node_object.rb:73:in `setup_run_context'
/Users/cjpoll/.rvm/gems/ruby-2.0.0-p481/gems/chef-11.14.2/lib/chef/client.rb:265:in `setup_run_context'
/Users/cjpoll/.rvm/gems/ruby-2.0.0-p481/gems/chef-11.14.2/lib/chef/client.rb:429:in `do_run'
/Users/cjpoll/.rvm/gems/ruby-2.0.0-p481/gems/chef-11.14.2/lib/chef/client.rb:213:in `block in run'
/Users/cjpoll/.rvm/gems/ruby-2.0.0-p481/gems/chef-11.14.2/lib/chef/client.rb:207:in `fork'
/Users/cjpoll/.rvm/gems/ruby-2.0.0-p481/gems/chef-11.14.2/lib/chef/client.rb:207:in `run'
/Users/cjpoll/.rvm/gems/ruby-2.0.0-p481/gems/chef-11.14.2/lib/chef/application.rb:237:in `run_chef_client'
/Users/cjpoll/.rvm/gems/ruby-2.0.0-p481/gems/chef-11.14.2/lib/chef/application/solo.rb:226:in `block in run_application'
/Users/cjpoll/.rvm/gems/ruby-2.0.0-p481/gems/chef-11.14.2/lib/chef/application/solo.rb:218:in `loop'
/Users/cjpoll/.rvm/gems/ruby-2.0.0-p481/gems/chef-11.14.2/lib/chef/application/solo.rb:218:in `run_application'
/Users/cjpoll/.rvm/gems/ruby-2.0.0-p481/gems/chef-11.14.2/lib/chef/application.rb:55:in `run'
/Users/cjpoll/.rvm/gems/ruby-2.0.0-p481/gems/chef-11.14.2/bin/chef-solo:25:in `<top (required)>'
/Users/cjpoll/.rvm/gems/ruby-2.0.0-p481/bin/chef-solo:23:in `load'
/Users/cjpoll/.rvm/gems/ruby-2.0.0-p481/bin/chef-solo:23:in `<main>'
/Users/cjpoll/.rvm/gems/ruby-2.0.0-p481/bin/ruby_executable_hooks:15:in `eval'
/Users/cjpoll/.rvm/gems/ruby-2.0.0-p481/bin/ruby_executable_hooks:15:in `<main>'